11/19/2025, 9:45:57 PM GMT+5:30 0: 

----------------------------------------------
11/19/2025, 9:45:57 PM GMT+5:30 1: Discord starting: {"releaseChannel":"stable","version":"0.0.115"}, modulepath: /home/divid/.config/discord/0.0.115/modules
11/19/2025, 9:45:57 PM GMT+5:30 2: ✅ webContents.created web1 ""
11/19/2025, 9:45:57 PM GMT+5:30 3: ✅ window.created win1 "discord"
11/19/2025, 9:45:57 PM GMT+5:30 4: ✅ webContents.did-finish-load web1
11/19/2025, 9:46:21 PM GMT+5:30 5: ✅ webContents.created web2 ""
11/19/2025, 9:46:21 PM GMT+5:30 6: ✅ window.created win2 "Discord"
11/19/2025, 9:46:26 PM GMT+5:30 7: ✅ webContents.did-finish-load web2
11/19/2025, 9:46:27 PM GMT+5:30 8: window.close win1
11/19/2025, 9:46:27 PM GMT+5:30 9: webContents.destroyed web1
11/19/2025, 9:46:27 PM GMT+5:30 10: window.closed win1
11/19/2025, 10:50:26 PM GMT+5:30 11: before-quit
11/19/2025, 10:50:26 PM GMT+5:30 12: window.close win2
11/19/2025, 10:50:26 PM GMT+5:30 13: ❌ child-process-gone {
  type: 'Utility',
  reason: 'killed',
  exitCode: 15,
  serviceName: 'network.mojom.NetworkService',
  name: 'Network Service'
}
11/19/2025, 10:50:26 PM GMT+5:30 14: ❌ child-process-gone {
  type: 'Utility',
  reason: 'killed',
  exitCode: 15,
  serviceName: 'audio.mojom.AudioService',
  name: 'Audio Service'
}
11/20/2025, 11:25:35 AM GMT+5:30 0: 

----------------------------------------------
11/20/2025, 11:25:35 AM GMT+5:30 1: Discord starting: {"releaseChannel":"stable","version":"0.0.115"}, modulepath: /home/divid/.config/discord/0.0.115/modules
11/20/2025, 11:25:35 AM GMT+5:30 2: ✅ webContents.created web1 ""
11/20/2025, 11:25:35 AM GMT+5:30 3: ✅ window.created win1 "discord"
11/20/2025, 11:25:36 AM GMT+5:30 4: ✅ webContents.did-finish-load web1
11/20/2025, 11:25:37 AM GMT+5:30 5: ✅ webContents.created web2 ""
11/20/2025, 11:25:37 AM GMT+5:30 6: ✅ window.created win2 "Discord"
11/20/2025, 11:25:39 AM GMT+5:30 7: ✅ webContents.did-finish-load web2
11/20/2025, 11:25:40 AM GMT+5:30 8: window.close win1
11/20/2025, 11:25:40 AM GMT+5:30 9: webContents.destroyed web1
11/20/2025, 11:25:40 AM GMT+5:30 10: window.closed win1
