00:00:00.180497 VirtualBox GUI VM Selector Window 7.2.4 r170995 linux.amd64 (Oct 22 2025 16:59:14) release log
00:00:00.180498 Log opened 2025-11-15T20:47:44.910719000Z
00:00:00.180499 Build Type: release
00:00:00.180500 OS Product: Linux
00:00:00.180501 OS Release: 6.17.7-zen1-2-zen
00:00:00.180502 OS Version: #1 ZEN SMP PREEMPT_DYNAMIC Wed, 12 Nov 2025 15:28:03 +0000
00:00:00.180519 DMI Product Name: Victus by HP Gaming Laptop 15-fb0xxx
00:00:00.180526 DMI Product Version: 
00:00:00.180530 Firmware type: UEFI
00:00:00.180589 Secure Boot: Disabled
00:00:00.180620 Host RAM: 15311MB (14.9GB) total, 8713MB (8.5GB) available
00:00:00.180621 Executable: /usr/lib/virtualbox/VirtualBox
00:00:00.180622 Process ID: 16662
00:00:00.180622 Package type: LINUX_64BITS_GENERIC (OSE)
00:00:00.180643 Qt version: 6.10.0
00:00:00.181008 GUI: UIMediumEnumerator: Initial medium-enumeration finished!
00:00:00.183420 GUI: UIMediumEnumerator: Medium-enumeration started...
00:00:00.183428 GUI: UIMediumEnumerator: Medium-enumeration finished!
00:00:05.273651 GUI: UIInvisibleWindow::sltFallback: Move event missing. Screen: 0, work area: 959x539 x 800x800
00:00:05.273671 GUI: UIDesktopWidgetWatchdog::sltHandleHostScreenAvailableGeometryCalculated: Screen 0 work area is actually resized to: 959x539 x 800x800
00:00:23.677775 GUI: UICommon: Handling aboutToQuit request..
00:00:24.569820 GUI: UICommon: aboutToQuit request handled!
